02:49:11.576 |Moderator asks question 1
02:49:11.576 |Commentator #0 generates an answer,position in queue: 1.
02:49:12.576 |Commentator #0's turn to speak for 1.006 seconds.
02:49:13.582 |Commentator #0 finished speaking.
02:49:13.582 |Moderator asks question 2
02:49:13.582 |Commentator #1 generates an answer,position in queue: 1.
02:49:13.582 |Commentator #0 generates an answer,position in queue: 2.
02:49:13.582 |Commentator #3 generates an answer,position in queue: 3.
02:49:13.583 |Commentator #2 generates an answer,position in queue: 4.
02:49:14.583 |Commentator #1's turn to speak for 1.540 seconds.
02:49:16.123 |Commentator #1 finished speaking.
02:49:16.123 |Commentator #0's turn to speak for 2.749 seconds.
02:49:18.872 |Commentator #0 finished speaking.
02:49:18.872 |Commentator #3's turn to speak for 1.821 seconds.
02:49:19.577 |Breaking news!
02:49:19.577 |Commentator #3 cut short due to breaking event.
02:49:24.578 |Breaking news ends.
02:49:24.578 |Commentator #2's turn to speak for 0.412 seconds.
02:49:24.990 |Commentator #2 finished speaking.
02:49:24.990 |Moderator asks question 3
02:49:24.990 |Commentator #0 generates an answer,position in queue: 1.
02:49:24.990 |Commentator #2 generates an answer,position in queue: 2.
02:49:24.990 |Commentator #3 generates an answer,position in queue: 3.
02:49:25.990 |Commentator #0's turn to speak for 2.997 seconds.
02:49:28.987 |Commentator #0 finished speaking.
02:49:28.988 |Commentator #2's turn to speak for 1.838 seconds.
02:49:30.826 |Commentator #2 finished speaking.
02:49:30.826 |Commentator #3's turn to speak for 1.573 seconds.
02:49:32.399 |Commentator #3 finished speaking.
02:49:32.399 |Moderator asks question 4
02:49:32.399 |Commentator #3 generates an answer,position in queue: 1.
02:49:32.400 |Commentator #2 generates an answer,position in queue: 2.
02:49:33.400 |Commentator #3's turn to speak for 1.201 seconds.
02:49:34.601 |Commentator #3 finished speaking.
02:49:34.601 |Commentator #2's turn to speak for 1.057 seconds.
02:49:35.659 |Commentator #2 finished speaking.
02:49:35.659 |Moderator asks question 5
02:49:35.659 |Commentator #0 generates an answer,position in queue: 1.
02:49:35.659 |Commentator #2 generates an answer,position in queue: 2.
02:49:36.659 |Commentator #0's turn to speak for 0.577 seconds.
02:49:37.236 |Commentator #0 finished speaking.
02:49:37.236 |Commentator #2's turn to speak for 1.990 seconds.
02:49:39.225 |Commentator #2 finished speaking.
