02:51:35.931 |Moderator asks question 1
02:51:35.932 |Commentator #1 generates an answer,position in queue: 1.
02:51:36.932 |Commentator #1's turn to speak for 1.006 seconds.
02:51:37.938 |Commentator #1 finished speaking.
02:51:37.938 |Moderator asks question 2
02:51:37.938 |Commentator #0 generates an answer,position in queue: 1.
02:51:37.938 |Commentator #2 generates an answer,position in queue: 2.
02:51:37.938 |Commentator #3 generates an answer,position in queue: 3.
02:51:37.939 |Commentator #1 generates an answer,position in queue: 4.
02:51:38.938 |Commentator #0's turn to speak for 1.540 seconds.
02:51:40.479 |Commentator #0 finished speaking.
02:51:40.479 |Commentator #2's turn to speak for 2.749 seconds.
02:51:43.228 |Commentator #2 finished speaking.
02:51:43.228 |Commentator #3's turn to speak for 1.821 seconds.
02:51:43.933 |Breaking news!
02:51:43.933 |Commentator #3 cut short due to breaking event.
02:51:48.933 |Breaking news ends.
02:51:48.934 |Commentator #1's turn to speak for 0.412 seconds.
02:51:49.345 |Commentator #1 finished speaking.
02:51:49.346 |Moderator asks question 3
02:51:49.346 |Commentator #3 generates an answer,position in queue: 1.
02:51:49.346 |Commentator #0 generates an answer,position in queue: 2.
02:51:49.346 |Commentator #1 generates an answer,position in queue: 3.
02:51:50.346 |Commentator #3's turn to speak for 2.997 seconds.
02:51:53.343 |Commentator #3 finished speaking.
02:51:53.343 |Commentator #0's turn to speak for 1.838 seconds.
02:51:55.181 |Commentator #0 finished speaking.
02:51:55.182 |Commentator #1's turn to speak for 1.573 seconds.
02:51:56.755 |Commentator #1 finished speaking.
02:51:56.755 |Moderator asks question 4
02:51:56.755 |Commentator #2 generates an answer,position in queue: 1.
02:51:56.755 |Commentator #0 generates an answer,position in queue: 2.
02:51:57.755 |Commentator #2's turn to speak for 1.201 seconds.
02:51:58.956 |Commentator #2 finished speaking.
02:51:58.957 |Commentator #0's turn to speak for 1.057 seconds.
02:52:00.014 |Commentator #0 finished speaking.
02:52:00.014 |Moderator asks question 5
02:52:00.014 |Commentator #1 generates an answer,position in queue: 1.
02:52:00.015 |Commentator #2 generates an answer,position in queue: 2.
02:52:01.015 |Commentator #1's turn to speak for 0.577 seconds.
02:52:01.591 |Commentator #1 finished speaking.
02:52:01.591 |Commentator #2's turn to speak for 1.990 seconds.
02:52:03.581 |Commentator #2 finished speaking.
