02:52:44.917 |Moderator asks question 1
02:52:44.917 |Commentator #3 generates an answer,position in queue: 1.
02:52:45.917 |Commentator #3's turn to speak for 1.006 seconds.
02:52:46.923 |Commentator #3 finished speaking.
02:52:46.923 |Moderator asks question 2
02:52:46.923 |Commentator #0 generates an answer,position in queue: 1.
02:52:46.924 |Commentator #1 generates an answer,position in queue: 2.
02:52:46.924 |Commentator #2 generates an answer,position in queue: 3.
02:52:46.924 |Commentator #3 generates an answer,position in queue: 4.
02:52:47.924 |Commentator #0's turn to speak for 1.540 seconds.
02:52:49.464 |Commentator #0 finished speaking.
02:52:49.464 |Commentator #1's turn to speak for 2.749 seconds.
02:52:52.213 |Commentator #1 finished speaking.
02:52:52.213 |Commentator #2's turn to speak for 1.821 seconds.
02:52:52.918 |Breaking news!
02:52:52.919 |Commentator #2 cut short due to breaking event.
02:52:57.919 |Breaking news ends.
02:52:57.919 |Commentator #3's turn to speak for 0.412 seconds.
02:52:58.331 |Commentator #3 finished speaking.
02:52:58.331 |Moderator asks question 3
02:52:58.331 |Commentator #1 generates an answer,position in queue: 1.
02:52:58.331 |Commentator #2 generates an answer,position in queue: 2.
02:52:58.331 |Commentator #3 generates an answer,position in queue: 3.
02:52:59.332 |Commentator #1's turn to speak for 2.997 seconds.
02:53:02.329 |Commentator #1 finished speaking.
02:53:02.329 |Commentator #2's turn to speak for 1.838 seconds.
02:53:04.167 |Commentator #2 finished speaking.
02:53:04.167 |Commentator #3's turn to speak for 1.573 seconds.
02:53:05.740 |Commentator #3 finished speaking.
02:53:05.740 |Moderator asks question 4
02:53:05.740 |Commentator #2 generates an answer,position in queue: 1.
02:53:05.741 |Commentator #0 generates an answer,position in queue: 2.
02:53:06.741 |Commentator #2's turn to speak for 1.201 seconds.
02:53:07.941 |Commentator #2 finished speaking.
02:53:07.942 |Commentator #0's turn to speak for 1.057 seconds.
02:53:08.999 |Commentator #0 finished speaking.
02:53:08.999 |Moderator asks question 5
02:53:09.000 |Commentator #0 generates an answer,position in queue: 1.
02:53:09.000 |Commentator #2 generates an answer,position in queue: 2.
02:53:10.000 |Commentator #0's turn to speak for 0.577 seconds.
02:53:10.576 |Commentator #0 finished speaking.
02:53:10.577 |Commentator #2's turn to speak for 1.990 seconds.
02:53:12.566 |Commentator #2 finished speaking.
